<?xml version="1.0" encoding="UTF-8"?>
<!-- Generated by org.testng.reporters.JUnitReportReporter -->
<testsuite hostname="DESKTOP-TM6U4J4" failures="0" tests="1" name="com.sdet.testcases.LoginTestcases" time="2.312" errors="0" timestamp="28 Nov 2024 12:00:17 GMT" skipped="0">
  <testcase classname="com.sdet.testcases.LoginTestcases" name="Validlogintest" time="2.312"/>
</testsuite> <!-- com.sdet.testcases.LoginTestcases -->
